#
# A fatal error has been detected by the Java Runtime Environment:
#
#  Internal Error (javaClasses.cpp:127), pid=1116, tid=3152
#  fatal error: Invalid layout of preloaded class
#
# JRE version:  (8.0_40-b26) (build )
# Java VM: Java HotSpot(TM) Client VM (25.40-b25 mixed mode windows-x86 )
# Failed to write core dump. Minidumps are not enabled by default on client versions of Windows
#
# If you would like to submit a bug report, please visit:
#   http://bugreport.java.com/bugreport/crash.jsp
#

---------------  T H R E A D  ---------------

Current thread (0x00a1c000):  JavaThread "Unknown thread" [_thread_in_vm, id=3152, stack(0x002a0000,0x002f0000)]

Stack: [0x002a0000,0x002f0000],  sp=0x002ef8f8,  free space=318k
Native frames: (J=compiled Java code, j=interpreted, Vv=VM code, C=native code)
V  [jvm.dll+0x1a4f6b]
V  [jvm.dll+0x19d7d6]
V  [jvm.dll+0x42369]
V  [jvm.dll+0x4251e]
V  [jvm.dll+0x519be]
V  [jvm.dll+0xa86be]
V  [jvm.dll+0xa8982]
V  [jvm.dll+0x154561]
V  [jvm.dll+0x1785bb]
V  [jvm.dll+0xe5081]
C  [javaw.exe+0x14d3]
C  [javaw.exe+0x2047]
C  [javaw.exe+0xadff]
C  [javaw.exe+0xae89]
C  [kernel32.dll+0x4ed6c]
C  [ntdll.dll+0x637eb]
C  [ntdll.dll+0x637be]
C  0x00000000


---------------  P R O C E S S  ---------------

Java Threads: ( => current thread )

Other Threads:

=>0x00a1c000 (exited) JavaThread "Unknown thread" [_thread_in_vm, id=3152, stack(0x002a0000,0x002f0000)]

VM state:not at safepoint (not fully initialized)

VM Mutex/Monitor currently owned by a thread: None

GC Heap History (0 events):
No events

Deoptimization events (0 events):
No events

Internal exceptions (0 events):
No events

Events (10 events):
Event: 0.080 loading class java/lang/CharSequence done
Event: 0.081 loading class java/lang/String done
Event: 0.081 loading class java/lang/Class
Event: 0.081 loading class java/lang/reflect/AnnotatedElement
Event: 0.081 loading class java/lang/reflect/AnnotatedElement done
Event: 0.081 loading class java/lang/reflect/GenericDeclaration
Event: 0.081 loading class java/lang/reflect/GenericDeclaration done
Event: 0.081 loading class java/lang/reflect/Type
Event: 0.081 loading class java/lang/reflect/Type done
Event: 0.081 loading class java/lang/Class done


Dynamic libraries:
0x00a70000 - 0x00aa3000 	C:\Program Files\Java\jre1.8.0_40\bin\javaw.exe
0x77200000 - 0x7733c000 	C:\Windows\SYSTEM32\ntdll.dll
0x769f0000 - 0x76ac4000 	C:\Windows\system32\kernel32.dll
0x75600000 - 0x7564b000 	C:\Windows\system32\KERNELBASE.dll
0x770b0000 - 0x77150000 	C:\Windows\system32\ADVAPI32.dll
0x77150000 - 0x771fc000 	C:\Windows\system32\msvcrt.dll
0x76d90000 - 0x76da9000 	C:\Windows\SYSTEM32\sechost.dll
0x75930000 - 0x759d2000 	C:\Windows\system32\RPCRT4.dll
0x75bd0000 - 0x75c99000 	C:\Windows\system32\USER32.dll
0x75b20000 - 0x75b6e000 	C:\Windows\system32\GDI32.dll
0x77350000 - 0x7735a000 	C:\Windows\system32\LPK.dll
0x77390000 - 0x7742d000 	C:\Windows\system32\USP10.dll
0x73f60000 - 0x740fe000 	C:\Windows\WinSxS\x86_microsoft.windows.common-controls_6595b64144ccf1df_6.0.7601.17514_none_41e6975e2bd6f2b2\COMCTL32.dll
0x76b50000 - 0x76ba7000 	C:\Windows\system32\SHLWAPI.dll
0x769c0000 - 0x769df000 	C:\Windows\system32\IMM32.DLL
0x76bb0000 - 0x76c7c000 	C:\Windows\system32\MSCTF.dll
0x66a10000 - 0x66acf000 	C:\Program Files\Java\jre1.8.0_40\bin\msvcr100.dll
0x67990000 - 0x67d50000 	C:\Program Files\Java\jre1.8.0_40\bin\client\jvm.dll
0x6a190000 - 0x6a197000 	C:\Windows\system32\WSOCK32.dll
0x75d30000 - 0x75d65000 	C:\Windows\system32\WS2_32.dll
0x76d80000 - 0x76d86000 	C:\Windows\system32\NSI.dll
0x6d570000 - 0x6d5a2000 	C:\Windows\system32\WINMM.dll
0x747e0000 - 0x747e9000 	C:\Windows\system32\VERSION.dll
0x77340000 - 0x77345000 	C:\Windows\system32\PSAPI.DLL
0x70900000 - 0x7090c000 	C:\Program Files\Java\jre1.8.0_40\bin\verify.dll
0x68ed0000 - 0x68ef1000 	C:\Program Files\Java\jre1.8.0_40\bin\java.dll
0x6c450000 - 0x6c463000 	C:\Program Files\Java\jre1.8.0_40\bin\zip.dll
0x71ed0000 - 0x71fbb000 	C:\Windows\system32\dbghelp.dll

VM Arguments:
jvm_args: -Dfile.encoding=MS950 -Xbootclasspath:C:\Users\Administrator\Desktop\eclipse\android-sdk-windows\platforms\android-17\android.jar 
java_command: com.example.opos.readTxt
java_class_path (initial): C:\Users\Administrator\Desktop\opos\bin\classes;C:\Users\Administrator\Desktop\opos\libs\android-support-v4.jar
Launcher Type: SUN_STANDARD

Environment Variables:
CLASSPATH=.;C:\Program Files\Java\jre7\lib\ext\QTJava.zip
PATH=C:/Program Files/Java/jre1.8.0_40/bin/client;C:/Program Files/Java/jre1.8.0_40/bin;C:/Program Files/Java/jre1.8.0_40/lib/i386;C:\ProgramData\Oracle\Java\javapath;C:\Users\Administrator\Desktop\xampp\php;C:\Program Files\Common Files\Microsoft Shared\Windows Live;C:\Windows\system32;C:\Windows;C:\Windows\System32\Wbem;C:\Windows\System32\WindowsPowerShell\v1.0\;C:\Program Files\Windows Live\Shared;C:\Program Files\Internet Explorer;C:\Program Files\Lenovo\Bluetooth Software\;C:\Users\Administrator\AppData\Local\Smartbar\Application\;C:\Program Files\Java\jdk1.7.0_03\bin;C:\Users\Administrator\Desktop\eclipse\android-sdk-windows;C:\Program Files\Microsoft Network Monitor 3\;C:\Program Files\QuickTime\QTSystem\;F:\MacType;C:\Users\Administrator\Desktop\eclipse2;
USERNAME=Administrator
OS=Windows_NT
PROCESSOR_IDENTIFIER=x86 Family 6 Model 42 Stepping 7, GenuineIntel



---------------  S Y S T E M  ---------------

OS: Windows 7 Build 7601 (6.1.7601.18015)

CPU:total 2 (2 cores per cpu, 1 threads per core) family 6 model 42 stepping 7, cmov, cx8, fxsr, mmx, sse, sse2, sse3, ssse3, sse4.1, sse4.2, popcnt, clmul, tsc, tscinvbit

Memory: 4k page, physical 3082096k(879776k free), swap 10783752k(7869944k free)

vm_info: Java HotSpot(TM) Client VM (25.40-b25) for windows-x86 JRE (1.8.0_40-b26), built on Mar  7 2015 13:51:08 by "java_re" with MS VC++ 10.0 (VS2010)

time: Tue Mar 24 19:21:43 2015
elapsed time: 0 seconds (0d 0h 0m 0s)

